{
  "RSpec": {
    "coverage": {
      "/Users/apprentice/Desktop/counseling_is_caring/app/models/appointment.rb": [
        1,
        1,
        1,
        1,
        null,
        null
      ],
      "/Users/apprentice/Desktop/counseling_is_caring/spec/models/comment_spec.rb": [
        1,
        null,
        1,
        null,
        2,
        2,
        null,
        null,
        2,
        2,
        2,
        2,
        null
      ],
      "/Users/apprentice/Desktop/counseling_is_caring/app/models/comment.rb": [
        1,
        1,
        1,
        null
      ],
      "/Users/apprentice/Desktop/counseling_is_caring/spec/models/session_spec.rb": [
        1,
        null,
        1,
        1,
        null
      ],
      "/Users/apprentice/Desktop/counseling_is_caring/app/models/session.rb": [
        1,
        1,
        1,
        null,
        null
      ],
      "/Users/apprentice/Desktop/counseling_is_caring/spec/models/user_spec.rb": [
        1,
        null,
        1,
        1,
        null
      ],
      "/Users/apprentice/Desktop/counseling_is_caring/app/models/user.rb": [
        1,
        1,
        1,
        1,
        null,
        null
      ]
    },
    "timestamp": 1401918775
  }
}
